[debug] [2022-07-16T19:01:08.642Z] ----------------------------------------------------------------------
[debug] [2022-07-16T19:01:08.646Z] Command:       C:\Program Files\nodejs\node.exe C:\Users\Eddie\AppData\Roaming\npm\node_modules\firebase-tools\lib\bin\firebase.js init
[debug] [2022-07-16T19:01:08.647Z] CLI Version:   11.2.2
[debug] [2022-07-16T19:01:08.647Z] Platform:      win32
[debug] [2022-07-16T19:01:08.647Z] Node Version:  v16.15.1
[debug] [2022-07-16T19:01:08.649Z] Time:          Sat Jul 16 2022 12:01:08 GMT-0700 (Pacific Daylight Time)
[debug] [2022-07-16T19:01:08.649Z] ----------------------------------------------------------------------
[debug] 
[debug] [2022-07-16T19:01:08.783Z] > command requires scopes: ["email","openid","https://www.googleapis.com/auth/cloudplatformprojects.readonly","https://www.googleapis.com/auth/firebase","https://www.googleapis.com/auth/cloud-platform"]
[debug] [2022-07-16T19:01:08.784Z] > authorizing via signed-in user (electricshingle@gmail.com)
[info] 
     ######## #### ########  ######## ########     ###     ######  ########
     ##        ##  ##     ## ##       ##     ##  ##   ##  ##       ##
     ######    ##  ########  ######   ########  #########  ######  ######
     ##        ##  ##    ##  ##       ##     ## ##     ##       ## ##
     ##       #### ##     ## ######## ########  ##     ##  ######  ########

You're about to initialize a Firebase project in this directory:

  C:\Users\Eddie\Documents\GitHub\Squordle

Before we get started, keep in mind:

  * You are initializing within an existing Firebase project directory

[debug] [2022-07-16T19:01:30.843Z] Error: kill ENOSYS
    at process.kill (node:internal/process/per_thread:220:13)
    at process.listener (C:\Users\Eddie\AppData\Roaming\npm\node_modules\firebase-tools\node_modules\signal-exit\index.js:95:15)
    at process.emit (node:events:527:28)
[error] 
[error] Error: An unexpected error has occurred.
